This file contains any messages produced by compilers while
running configure, to aid debugging if configure makes a mistake.

It was created by scanamati configure 0.0.1alpha, which was
generated by GNU Autoconf 2.69.  Invocation command line was

  $ ./configure 

## --------- ##
## Platform. ##
## --------- ##

hostname = capsule
uname -m = x86_64
uname -r = 3.8.4
uname -s = Linux
uname -v = #1 SMP Tue Mar 26 20:31:00 CDT 2013

/usr/bin/uname -p = Intel(R) Core(TM) i7-2670QM CPU @ 2.20GHz
/bin/uname -X     = unknown

/bin/arch              = x86_64
/usr/bin/arch -k       = unknown
/usr/convex/getsysinfo = unknown
/usr/bin/hostinfo      = unknown
/bin/machine           = unknown
/usr/bin/oslevel       = unknown
/bin/universe          = unknown

PATH: /opt/android-sdk-linux/tools
PATH: /opt/android-sdk-linux/platform-tools
PATH: /usr/local/bin
PATH: /usr/bin
PATH: /bin
PATH: /usr/games
PATH: /usr/share/ant/bin
PATH: /usr/lib64/java/bin
PATH: /usr/lib64/java/jre/bin
PATH: /usr/lib64/kde4/libexec
PATH: /usr/lib64/qt/bin
PATH: /usr/share/texmf/bin
PATH: .


## ----------- ##
## Core tests. ##
## ----------- ##

configure:2384: checking for a BSD-compatible install
configure:2452: result: /usr/bin/ginstall -c
configure:2463: checking whether build environment is sane
configure:2513: result: yes
configure:2654: checking for a thread-safe mkdir -p
configure:2693: result: /usr/bin/mkdir -p
configure:2706: checking for gawk
configure:2722: found /usr/bin/gawk
configure:2733: result: gawk
configure:2744: checking whether make sets $(MAKE)
configure:2766: result: yes
configure:2896: checking for gcc
configure:2912: found /usr/bin/gcc
configure:2923: result: gcc
configure:3152: checking for C compiler version
configure:3161: gcc --version >&5
gcc (GCC) 4.7.2
Copyright (C) 2012 Free Software Foundation, Inc.
This is free software; see the source for copying conditions.  There is NO
warranty; not even for MERCHANTABILITY or FITNESS FOR A PARTICULAR PURPOSE.

configure:3172: $? = 0
configure:3161: gcc -v >&5
Reading specs from /usr/lib64/gcc/x86_64-slackware-linux/4.7.2/specs
COLLECT_GCC=gcc
COLLECT_LTO_WRAPPER=/usr/libexec/gcc/x86_64-slackware-linux/4.7.2/lto-wrapper
Target: x86_64-slackware-linux
Configured with: ../gcc-4.7.2/configure --prefix=/usr --libdir=/usr/lib64 --mandir=/usr/man --infodir=/usr/info --enable-shared --enable-bootstrap --enable-languages=ada,c,c++,fortran,go,java,lto,objc --enable-threads=posix --enable-checking=release --enable-objc-gc --with-system-zlib --with-python-dir=/lib64/python2.7/site-packages --disable-libunwind-exceptions --enable-__cxa_atexit --enable-libssp --enable-lto --with-gnu-ld --verbose --enable-java-home --with-java-home=/usr/lib64/jvm/jre --with-jvm-root-dir=/usr/lib64/jvm --with-jvm-jar-dir=/usr/lib64/jvm/jvm-exports --with-arch-directory=amd64 --with-antlr-jar=/home/slackware/slackbuilds/gcc/antlr-runtime-3.4.jar --enable-multilib --target=x86_64-slackware-linux --build=x86_64-slackware-linux --host=x86_64-slackware-linux
Thread model: posix
gcc version 4.7.2 (GCC) 
configure:3172: $? = 0
configure:3161: gcc -V >&5
gcc: error: unrecognized command line option '-V'
gcc: fatal error: no input files
compilation terminated.
configure:3172: $? = 1
configure:3161: gcc -qversion >&5
gcc: error: unrecognized command line option '-qversion'
gcc: fatal error: no input files
compilation terminated.
configure:3172: $? = 1
configure:3192: checking whether the C compiler works
configure:3214: gcc    conftest.c  >&5
configure:3218: $? = 0
configure:3266: result: yes
configure:3269: checking for C compiler default output file name
configure:3271: result: a.out
configure:3277: checking for suffix of executables
configure:3284: gcc -o conftest    conftest.c  >&5
configure:3288: $? = 0
configure:3310: result: 
configure:3332: checking whether we are cross compiling
configure:3340: gcc -o conftest    conftest.c  >&5
configure:3344: $? = 0
configure:3351: ./conftest
configure:3355: $? = 0
configure:3370: result: no
configure:3375: checking for suffix of object files
configure:3397: gcc -c   conftest.c >&5
configure:3401: $? = 0
configure:3422: result: o
configure:3426: checking whether we are using the GNU C compiler
configure:3445: gcc -c   conftest.c >&5
configure:3445: $? = 0
configure:3454: result: yes
configure:3463: checking whether gcc accepts -g
configure:3483: gcc -c -g  conftest.c >&5
configure:3483: $? = 0
configure:3524: result: yes
configure:3541: checking for gcc option to accept ISO C89
configure:3604: gcc  -c -g -O2  conftest.c >&5
configure:3604: $? = 0
configure:3617: result: none needed
configure:3648: checking for style of include used by make
configure:3676: result: GNU
configure:3702: checking dependency style of gcc
configure:3813: result: gcc3
configure:3886: checking for g++
configure:3902: found /usr/bin/g++
configure:3913: result: g++
configure:3940: checking for C++ compiler version
configure:3949: g++ --version >&5
g++ (GCC) 4.7.2
Copyright (C) 2012 Free Software Foundation, Inc.
This is free software; see the source for copying conditions.  There is NO
warranty; not even for MERCHANTABILITY or FITNESS FOR A PARTICULAR PURPOSE.

configure:3960: $? = 0
configure:3949: g++ -v >&5
Reading specs from /usr/lib64/gcc/x86_64-slackware-linux/4.7.2/specs
COLLECT_GCC=g++
COLLECT_LTO_WRAPPER=/usr/libexec/gcc/x86_64-slackware-linux/4.7.2/lto-wrapper
Target: x86_64-slackware-linux
Configured with: ../gcc-4.7.2/configure --prefix=/usr --libdir=/usr/lib64 --mandir=/usr/man --infodir=/usr/info --enable-shared --enable-bootstrap --enable-languages=ada,c,c++,fortran,go,java,lto,objc --enable-threads=posix --enable-checking=release --enable-objc-gc --with-system-zlib --with-python-dir=/lib64/python2.7/site-packages --disable-libunwind-exceptions --enable-__cxa_atexit --enable-libssp --enable-lto --with-gnu-ld --verbose --enable-java-home --with-java-home=/usr/lib64/jvm/jre --with-jvm-root-dir=/usr/lib64/jvm --with-jvm-jar-dir=/usr/lib64/jvm/jvm-exports --with-arch-directory=amd64 --with-antlr-jar=/home/slackware/slackbuilds/gcc/antlr-runtime-3.4.jar --enable-multilib --target=x86_64-slackware-linux --build=x86_64-slackware-linux --host=x86_64-slackware-linux
Thread model: posix
gcc version 4.7.2 (GCC) 
configure:3960: $? = 0
configure:3949: g++ -V >&5
g++: error: unrecognized command line option '-V'
g++: fatal error: no input files
compilation terminated.
configure:3960: $? = 1
configure:3949: g++ -qversion >&5
g++: error: unrecognized command line option '-qversion'
g++: fatal error: no input files
compilation terminated.
configure:3960: $? = 1
configure:3964: checking whether we are using the GNU C++ compiler
configure:3983: g++ -c   conftest.cpp >&5
configure:3983: $? = 0
configure:3992: result: yes
configure:4001: checking whether g++ accepts -g
configure:4021: g++ -c -g  conftest.cpp >&5
configure:4021: $? = 0
configure:4062: result: yes
configure:4087: checking dependency style of g++
configure:4198: result: gcc3
configure:4214: checking for library containing strerror
configure:4245: gcc -o conftest -g -O2   conftest.c  >&5
configure:4245: $? = 0
configure:4262: result: none required
configure:4313: checking for ranlib
configure:4329: found /usr/bin/ranlib
configure:4340: result: ranlib
configure:4410: checking for gcc
configure:4437: result: gcc
configure:4666: checking for C compiler version
configure:4675: gcc --version >&5
gcc (GCC) 4.7.2
Copyright (C) 2012 Free Software Foundation, Inc.
This is free software; see the source for copying conditions.  There is NO
warranty; not even for MERCHANTABILITY or FITNESS FOR A PARTICULAR PURPOSE.

configure:4686: $? = 0
configure:4675: gcc -v >&5
Reading specs from /usr/lib64/gcc/x86_64-slackware-linux/4.7.2/specs
COLLECT_GCC=gcc
COLLECT_LTO_WRAPPER=/usr/libexec/gcc/x86_64-slackware-linux/4.7.2/lto-wrapper
Target: x86_64-slackware-linux
Configured with: ../gcc-4.7.2/configure --prefix=/usr --libdir=/usr/lib64 --mandir=/usr/man --infodir=/usr/info --enable-shared --enable-bootstrap --enable-languages=ada,c,c++,fortran,go,java,lto,objc --enable-threads=posix --enable-checking=release --enable-objc-gc --with-system-zlib --with-python-dir=/lib64/python2.7/site-packages --disable-libunwind-exceptions --enable-__cxa_atexit --enable-libssp --enable-lto --with-gnu-ld --verbose --enable-java-home --with-java-home=/usr/lib64/jvm/jre --with-jvm-root-dir=/usr/lib64/jvm --with-jvm-jar-dir=/usr/lib64/jvm/jvm-exports --with-arch-directory=amd64 --with-antlr-jar=/home/slackware/slackbuilds/gcc/antlr-runtime-3.4.jar --enable-multilib --target=x86_64-slackware-linux --build=x86_64-slackware-linux --host=x86_64-slackware-linux
Thread model: posix
gcc version 4.7.2 (GCC) 
configure:4686: $? = 0
configure:4675: gcc -V >&5
gcc: error: unrecognized command line option '-V'
gcc: fatal error: no input files
compilation terminated.
configure:4686: $? = 1
configure:4675: gcc -qversion >&5
gcc: error: unrecognized command line option '-qversion'
gcc: fatal error: no input files
compilation terminated.
configure:4686: $? = 1
configure:4690: checking whether we are using the GNU C compiler
configure:4718: result: yes
configure:4727: checking whether gcc accepts -g
configure:4788: result: yes
configure:4805: checking for gcc option to accept ISO C89
configure:4881: result: none needed
configure:4903: checking dependency style of gcc
configure:5014: result: gcc3
configure:5033: checking whether gcc and cc understand -c and -o together
configure:5064: gcc -c conftest.c -o conftest2.o >&5
configure:5068: $? = 0
configure:5074: gcc -c conftest.c -o conftest2.o >&5
configure:5078: $? = 0
configure:5089: cc -c conftest.c >&5
configure:5093: $? = 0
configure:5101: cc -c conftest.c -o conftest2.o >&5
configure:5105: $? = 0
configure:5111: cc -c conftest.c -o conftest2.o >&5
configure:5115: $? = 0
configure:5133: result: yes
configure:5162: checking for dirent.h that defines DIR
configure:5181: gcc -c -g -O2  conftest.c >&5
configure:5181: $? = 0
configure:5189: result: yes
configure:5202: checking for library containing opendir
configure:5233: gcc -o conftest -g -O2   conftest.c  >&5
configure:5233: $? = 0
configure:5250: result: none required
configure:5322: checking how to run the C preprocessor
configure:5353: gcc -E  conftest.c
configure:5353: $? = 0
configure:5367: gcc -E  conftest.c
conftest.c:12:28: fatal error: ac_nonexistent.h: No such file or directory
compilation terminated.
configure:5367: $? = 1
configure: failed program was:
| /* confdefs.h */
| #define PACKAGE_NAME "scanamati"
| #define PACKAGE_TARNAME "scanamati"
| #define PACKAGE_VERSION "0.0.1alpha"
| #define PACKAGE_STRING "scanamati 0.0.1alpha"
| #define PACKAGE_BUGREPORT "pmk@ihep.ru"
| #define PACKAGE_URL ""
| #define PACKAGE "scanamati"
| #define VERSION "0.0.1alpha"
| #define HAVE_DIRENT_H 1
| /* end confdefs.h.  */
| #include <ac_nonexistent.h>
configure:5392: result: gcc -E
configure:5412: gcc -E  conftest.c
configure:5412: $? = 0
configure:5426: gcc -E  conftest.c
conftest.c:12:28: fatal error: ac_nonexistent.h: No such file or directory
compilation terminated.
configure:5426: $? = 1
configure: failed program was:
| /* confdefs.h */
| #define PACKAGE_NAME "scanamati"
| #define PACKAGE_TARNAME "scanamati"
| #define PACKAGE_VERSION "0.0.1alpha"
| #define PACKAGE_STRING "scanamati 0.0.1alpha"
| #define PACKAGE_BUGREPORT "pmk@ihep.ru"
| #define PACKAGE_URL ""
| #define PACKAGE "scanamati"
| #define VERSION "0.0.1alpha"
| #define HAVE_DIRENT_H 1
| /* end confdefs.h.  */
| #include <ac_nonexistent.h>
configure:5455: checking for grep that handles long lines and -e
configure:5513: result: /usr/bin/grep
configure:5518: checking for egrep
configure:5580: result: /usr/bin/grep -E
configure:5585: checking for ANSI C header files
configure:5605: gcc -c -g -O2  conftest.c >&5
configure:5605: $? = 0
configure:5678: gcc -o conftest -g -O2   conftest.c  >&5
configure:5678: $? = 0
configure:5678: ./conftest
configure:5678: $? = 0
configure:5689: result: yes
configure:5702: checking for sys/types.h
configure:5702: gcc -c -g -O2  conftest.c >&5
configure:5702: $? = 0
configure:5702: result: yes
configure:5702: checking for sys/stat.h
configure:5702: gcc -c -g -O2  conftest.c >&5
configure:5702: $? = 0
configure:5702: result: yes
configure:5702: checking for stdlib.h
configure:5702: gcc -c -g -O2  conftest.c >&5
configure:5702: $? = 0
configure:5702: result: yes
configure:5702: checking for string.h
configure:5702: gcc -c -g -O2  conftest.c >&5
configure:5702: $? = 0
configure:5702: result: yes
configure:5702: checking for memory.h
configure:5702: gcc -c -g -O2  conftest.c >&5
configure:5702: $? = 0
configure:5702: result: yes
configure:5702: checking for strings.h
configure:5702: gcc -c -g -O2  conftest.c >&5
configure:5702: $? = 0
configure:5702: result: yes
configure:5702: checking for inttypes.h
configure:5702: gcc -c -g -O2  conftest.c >&5
configure:5702: $? = 0
configure:5702: result: yes
configure:5702: checking for stdint.h
configure:5702: gcc -c -g -O2  conftest.c >&5
configure:5702: $? = 0
configure:5702: result: yes
configure:5702: checking for unistd.h
configure:5702: gcc -c -g -O2  conftest.c >&5
configure:5702: $? = 0
configure:5702: result: yes
configure:5714: checking for stdbool.h that conforms to C99
configure:5781: gcc -c -g -O2  conftest.c >&5
configure:5781: $? = 0
configure:5788: result: yes
configure:5790: checking for _Bool
configure:5790: gcc -c -g -O2  conftest.c >&5
configure:5790: $? = 0
configure:5790: gcc -c -g -O2  conftest.c >&5
conftest.c: In function 'main':
conftest.c:58:20: error: expected expression before ')' token
configure:5790: $? = 1
configure: failed program was:
| /* confdefs.h */
| #define PACKAGE_NAME "scanamati"
| #define PACKAGE_TARNAME "scanamati"
| #define PACKAGE_VERSION "0.0.1alpha"
| #define PACKAGE_STRING "scanamati 0.0.1alpha"
| #define PACKAGE_BUGREPORT "pmk@ihep.ru"
| #define PACKAGE_URL ""
| #define PACKAGE "scanamati"
| #define VERSION "0.0.1alpha"
| #define HAVE_DIRENT_H 1
| #define STDC_HEADERS 1
| #define HAVE_SYS_TYPES_H 1
| #define HAVE_SYS_STAT_H 1
| #define HAVE_STDLIB_H 1
| #define HAVE_STRING_H 1
| #define HAVE_MEMORY_H 1
| #define HAVE_STRINGS_H 1
| #define HAVE_INTTYPES_H 1
| #define HAVE_STDINT_H 1
| #define HAVE_UNISTD_H 1
| /* end confdefs.h.  */
| #include <stdio.h>
| #ifdef HAVE_SYS_TYPES_H
| # include <sys/types.h>
| #endif
| #ifdef HAVE_SYS_STAT_H
| # include <sys/stat.h>
| #endif
| #ifdef STDC_HEADERS
| # include <stdlib.h>
| # include <stddef.h>
| #else
| # ifdef HAVE_STDLIB_H
| #  include <stdlib.h>
| # endif
| #endif
| #ifdef HAVE_STRING_H
| # if !defined STDC_HEADERS && defined HAVE_MEMORY_H
| #  include <memory.h>
| # endif
| # include <string.h>
| #endif
| #ifdef HAVE_STRINGS_H
| # include <strings.h>
| #endif
| #ifdef HAVE_INTTYPES_H
| # include <inttypes.h>
| #endif
| #ifdef HAVE_STDINT_H
| # include <stdint.h>
| #endif
| #ifdef HAVE_UNISTD_H
| # include <unistd.h>
| #endif
| int
| main ()
| {
| if (sizeof ((_Bool)))
| 	    return 0;
|   ;
|   return 0;
| }
configure:5790: result: yes
configure:5807: checking for ANSI C header files
configure:5911: result: yes
configure:6027: checking for pkg-config
configure:6045: found /usr/bin/pkg-config
configure:6057: result: /usr/bin/pkg-config
configure:6082: checking pkg-config is at least version 0.16
configure:6085: result: yes
configure:6102: checking for GLIB - version >= 2.12.0
configure:6217: gcc -o conftest -g -O2 -I/usr/include/glib-2.0 -I/usr/lib64/glib-2.0/include     conftest.c -lglib-2.0    >&5
configure:6217: $? = 0
configure:6217: ./conftest
configure:6217: $? = 0
configure:6231: result: yes (version 2.34.3)
configure:6306: checking for GLIBMM
configure:6313: $PKG_CONFIG --exists --print-errors "glibmm-2.4 >= 2.16.0"
configure:6316: $? = 0
configure:6329: $PKG_CONFIG --exists --print-errors "glibmm-2.4 >= 2.16.0"
configure:6332: $? = 0
configure:6369: result: yes
configure:6378: checking for GTHREAD
configure:6385: $PKG_CONFIG --exists --print-errors "gthread-2.0 >= 2.12.0"
configure:6388: $? = 0
configure:6401: $PKG_CONFIG --exists --print-errors "gthread-2.0 >= 2.12.0"
configure:6404: $? = 0
configure:6441: result: yes
configure:6450: checking for SIGCPP
configure:6457: $PKG_CONFIG --exists --print-errors "sigc++-2.0 >= 2.2.0"
configure:6460: $? = 0
configure:6473: $PKG_CONFIG --exists --print-errors "sigc++-2.0 >= 2.2.0"
configure:6476: $? = 0
configure:6513: result: yes
configure:6522: checking for GTKMM
configure:6529: $PKG_CONFIG --exists --print-errors "gtkmm-2.4 >= 2.12.0"
configure:6532: $? = 0
configure:6545: $PKG_CONFIG --exists --print-errors "gtkmm-2.4 >= 2.12.0"
configure:6548: $? = 0
configure:6585: result: yes
configure:6594: checking for LIBPQXX
configure:6601: $PKG_CONFIG --exists --print-errors "libpqxx >= 3.1"
configure:6604: $? = 0
configure:6617: $PKG_CONFIG --exists --print-errors "libpqxx >= 3.1"
configure:6620: $? = 0
configure:6657: result: yes
configure:6703: checking for xmedcon-config
configure:6721: found /usr/bin/xmedcon-config
configure:6734: result: /usr/bin/xmedcon-config
configure:6743: checking for XMEDCON - version >= 0.9.9.6
configure:6825: gcc -o conftest -g -O2 -I/usr/include/libpng14 -I/usr/include/glib-2.0 -I/usr/lib64/glib-2.0/include   conftest.c  -L/usr/lib64 -lmdc -lm -lglib-2.0 -lz -lpng14 >&5
configure:6825: $? = 0
configure:6825: ./conftest
configure:6825: $? = 0
configure:6839: result: yes
configure:6909: checking for MAGICK
configure:6916: $PKG_CONFIG --exists --print-errors "Magick++ >= 6.5.9"
configure:6919: $? = 0
configure:6932: $PKG_CONFIG --exists --print-errors "Magick++ >= 6.5.9"
configure:6935: $? = 0
configure:6992: result: yes
configure:6999: checking ccmath.h usability
configure:6999: gcc -c -g -O2  conftest.c >&5
configure:6999: $? = 0
configure:6999: result: yes
configure:6999: checking ccmath.h presence
configure:6999: gcc -E  conftest.c
configure:6999: $? = 0
configure:6999: result: yes
configure:6999: checking for ccmath.h
configure:6999: result: yes
configure:7014: checking for storescu
configure:7030: found /usr/bin/storescu
configure:7042: result: yes
configure:7057: checking for movescu
configure:7073: found /usr/bin/movescu
configure:7085: result: yes
configure:7100: checking for echoscu
configure:7116: found /usr/bin/echoscu
configure:7128: result: yes
configure:7163: checking locale.h usability
configure:7163: gcc -c -g -O2  conftest.c >&5
configure:7163: $? = 0
configure:7163: result: yes
configure:7163: checking locale.h presence
configure:7163: gcc -E  conftest.c
configure:7163: $? = 0
configure:7163: result: yes
configure:7163: checking for locale.h
configure:7163: result: yes
configure:7174: checking for LC_MESSAGES
configure:7190: gcc -o conftest -g -O2   conftest.c  >&5
configure:7190: $? = 0
configure:7198: result: yes
configure:7215: checking libintl.h usability
configure:7215: gcc -c -g -O2  conftest.c >&5
configure:7215: $? = 0
configure:7215: result: yes
configure:7215: checking libintl.h presence
configure:7215: gcc -E  conftest.c
configure:7215: $? = 0
configure:7215: result: yes
configure:7215: checking for libintl.h
configure:7215: result: yes
configure:7223: checking for ngettext in libc
configure:7241: gcc -o conftest -g -O2   conftest.c  >&5
configure:7241: $? = 0
configure:7250: result: yes
configure:7254: checking for dgettext in libc
configure:7272: gcc -o conftest -g -O2   conftest.c  >&5
configure:7272: $? = 0
configure:7281: result: yes
configure:7288: checking for bind_textdomain_codeset
configure:7288: gcc -o conftest -g -O2   conftest.c  >&5
configure:7288: $? = 0
configure:7288: result: yes
configure:7564: checking for msgfmt
configure:7591: result: /usr/bin/msgfmt
configure:7602: checking for dcgettext
configure:7602: gcc -o conftest -g -O2   conftest.c   >&5
conftest.c:57:6: warning: conflicting types for built-in function 'dcgettext' [enabled by default]
configure:7602: $? = 0
configure:7602: result: yes
configure:7612: checking if msgfmt accepts -c
configure:7627: $MSGFMT -c -o /dev/null conftest.foo
configure:7630: $? = 0
configure:7632: result: yes
configure:7642: checking for gmsgfmt
configure:7673: result: /usr/bin/msgfmt
configure:7683: checking for xgettext
configure:7710: result: /usr/bin/xgettext
configure:7729: gcc -o conftest -g -O2   conftest.c   >&5
configure:7729: $? = 0
configure:7811: checking for catalogs to be installed
configure:7836: result:  ru
configure:7899: checking if DCMTK data library installed
configure:7931: g++ -c -g -O2  -DHAVE_CONFIG_H -I/usr/include -I/usr/local/include 			-L/usr/lib -L/usr/lib64 -L/usr/local/lib -L/usr/local/lib64 			-L/usr/lib/dcmtk -L/usr/lib64/dcmtk -L/usr/local/lib/dcmtk -L/usr/local/lib64/dcmtk 			-ldcmdata -loflog -lofstd -lpthread -lz conftest.cpp >&5
configure:7931: $? = 0
configure:7946: result: yes
configure:7979: checking if CCMATH library installed
configure:8008: gcc -c -g -O2 -lm -lccm  conftest.c >&5
configure:8008: $? = 0
configure:8024: result: yes
configure:8190: creating ./config.status

## ---------------------- ##
## Running config.status. ##
## ---------------------- ##

This file was extended by scanamati config.status 0.0.1alpha, which was
generated by GNU Autoconf 2.69.  Invocation command line was

  CONFIG_FILES    = 
  CONFIG_HEADERS  = 
  CONFIG_LINKS    = 
  CONFIG_COMMANDS = 
  $ ./config.status 

on capsule

config.status:947: creating Makefile
config.status:947: creating src/Makefile
config.status:947: creating src/dialogs/Makefile
config.status:947: creating src/dicom/Makefile
config.status:947: creating src/image/Makefile
config.status:947: creating src/palette/Makefile
config.status:947: creating src/print/Makefile
config.status:947: creating src/scanner/Makefile
config.status:947: creating src/widgets/Makefile
config.status:947: creating ui/Makefile
config.status:947: creating icons/Makefile
config.status:947: creating device/Makefile
config.status:947: creating sounds/Makefile
config.status:947: creating data/Makefile
config.status:947: creating docs/Makefile
config.status:947: creating desktop/Makefile
config.status:947: creating po/Makefile.in
config.status:947: creating config.h
config.status:1176: executing depfiles commands
config.status:1176: executing default-1 commands
configure:9530: Configuration complete.

## ---------------- ##
## Cache variables. ##
## ---------------- ##

ac_cv_c_compiler_gnu=yes
ac_cv_ccmath_check=yes
ac_cv_cxx_compiler_gnu=yes
ac_cv_dcmtk_check=yes
ac_cv_env_CCC_set=
ac_cv_env_CCC_value=
ac_cv_env_CC_set=
ac_cv_env_CC_value=
ac_cv_env_CFLAGS_set=
ac_cv_env_CFLAGS_value=
ac_cv_env_CPPFLAGS_set=
ac_cv_env_CPPFLAGS_value=
ac_cv_env_CPP_set=
ac_cv_env_CPP_value=
ac_cv_env_CXXFLAGS_set=
ac_cv_env_CXXFLAGS_value=
ac_cv_env_CXX_set=
ac_cv_env_CXX_value=
ac_cv_env_GLIBMM_CFLAGS_set=
ac_cv_env_GLIBMM_CFLAGS_value=
ac_cv_env_GLIBMM_LIBS_set=
ac_cv_env_GLIBMM_LIBS_value=
ac_cv_env_GTHREAD_CFLAGS_set=
ac_cv_env_GTHREAD_CFLAGS_value=
ac_cv_env_GTHREAD_LIBS_set=
ac_cv_env_GTHREAD_LIBS_value=
ac_cv_env_GTKMM_CFLAGS_set=
ac_cv_env_GTKMM_CFLAGS_value=
ac_cv_env_GTKMM_LIBS_set=
ac_cv_env_GTKMM_LIBS_value=
ac_cv_env_LDFLAGS_set=
ac_cv_env_LDFLAGS_value=
ac_cv_env_LIBPQXX_CFLAGS_set=
ac_cv_env_LIBPQXX_CFLAGS_value=
ac_cv_env_LIBPQXX_LIBS_set=
ac_cv_env_LIBPQXX_LIBS_value=
ac_cv_env_LIBS_set=
ac_cv_env_LIBS_value=
ac_cv_env_MAGICK_CFLAGS_set=
ac_cv_env_MAGICK_CFLAGS_value=
ac_cv_env_MAGICK_LIBS_set=
ac_cv_env_MAGICK_LIBS_value=
ac_cv_env_PKG_CONFIG_LIBDIR_set=
ac_cv_env_PKG_CONFIG_LIBDIR_value=
ac_cv_env_PKG_CONFIG_PATH_set=set
ac_cv_env_PKG_CONFIG_PATH_value=/usr/local/lib64/pkgconfig:/usr/lib64/pkgconfig
ac_cv_env_PKG_CONFIG_set=
ac_cv_env_PKG_CONFIG_value=
ac_cv_env_SIGCPP_CFLAGS_set=
ac_cv_env_SIGCPP_CFLAGS_value=
ac_cv_env_SIGCPP_LIBS_set=
ac_cv_env_SIGCPP_LIBS_value=
ac_cv_env_build_alias_set=
ac_cv_env_build_alias_value=
ac_cv_env_host_alias_set=
ac_cv_env_host_alias_value=
ac_cv_env_target_alias_set=
ac_cv_env_target_alias_value=
ac_cv_func_bind_textdomain_codeset=yes
ac_cv_func_dcgettext=yes
ac_cv_header_ccmath_h=yes
ac_cv_header_dirent_dirent_h=yes
ac_cv_header_inttypes_h=yes
ac_cv_header_libintl_h=yes
ac_cv_header_locale_h=yes
ac_cv_header_memory_h=yes
ac_cv_header_stdbool_h=yes
ac_cv_header_stdc=yes
ac_cv_header_stdint_h=yes
ac_cv_header_stdlib_h=yes
ac_cv_header_string_h=yes
ac_cv_header_strings_h=yes
ac_cv_header_sys_stat_h=yes
ac_cv_header_sys_types_h=yes
ac_cv_header_unistd_h=yes
ac_cv_objext=o
ac_cv_path_EGREP='/usr/bin/grep -E'
ac_cv_path_GMSGFMT=/usr/bin/msgfmt
ac_cv_path_GREP=/usr/bin/grep
ac_cv_path_MSGFMT=/usr/bin/msgfmt
ac_cv_path_XGETTEXT=/usr/bin/xgettext
ac_cv_path_XMEDCON_CONFIG=/usr/bin/xmedcon-config
ac_cv_path_ac_pt_PKG_CONFIG=/usr/bin/pkg-config
ac_cv_path_install='/usr/bin/ginstall -c'
ac_cv_path_mkdir=/usr/bin/mkdir
ac_cv_prog_AWK=gawk
ac_cv_prog_CPP='gcc -E'
ac_cv_prog_ac_ct_CC=gcc
ac_cv_prog_ac_ct_CXX=g++
ac_cv_prog_ac_ct_RANLIB=ranlib
ac_cv_prog_cc_c89=
ac_cv_prog_cc_g=yes
ac_cv_prog_cc_gcc_c_o=yes
ac_cv_prog_cxx_g=yes
ac_cv_prog_have_echoscu_app=yes
ac_cv_prog_have_movescu_app=yes
ac_cv_prog_have_storescu_app=yes
ac_cv_prog_make_make_set=yes
ac_cv_search_opendir='none required'
ac_cv_search_strerror='none required'
ac_cv_type__Bool=yes
am_cv_CC_dependencies_compiler_type=gcc3
am_cv_CXX_dependencies_compiler_type=gcc3
am_cv_prog_cc_stdc=
am_cv_val_LC_MESSAGES=yes
gt_cv_func_dgettext_libc=yes
gt_cv_func_dgettext_libintl=no
gt_cv_func_ngettext_libc=yes
gt_cv_have_gettext=yes
pkg_cv_GLIBMM_CFLAGS='-I/usr/include/glibmm-2.4 -I/usr/lib64/glibmm-2.4/include -I/usr/include/sigc++-2.0 -I/usr/lib64/sigc++-2.0/include -I/usr/include/glib-2.0 -I/usr/lib64/glib-2.0/include  '
pkg_cv_GLIBMM_LIBS='-lglibmm-2.4 -lgobject-2.0 -lsigc-2.0 -lglib-2.0  '
pkg_cv_GTHREAD_CFLAGS='-pthread -I/usr/include/glib-2.0 -I/usr/lib64/glib-2.0/include  '
pkg_cv_GTHREAD_LIBS='-pthread -lgthread-2.0 -lglib-2.0  '
pkg_cv_GTKMM_CFLAGS='-pthread -I/usr/include/gtkmm-2.4 -I/usr/lib64/gtkmm-2.4/include -I/usr/include/atkmm-1.6 -I/usr/include/giomm-2.4 -I/usr/lib64/giomm-2.4/include -I/usr/include/pangomm-1.4 -I/usr/lib64/pangomm-1.4/include -I/usr/include/gtk-2.0 -I/usr/include/gtk-unix-print-2.0 -I/usr/include/gdkmm-2.4 -I/usr/lib64/gdkmm-2.4/include -I/usr/include/atk-1.0 -I/usr/include/glibmm-2.4 -I/usr/lib64/glibmm-2.4/include -I/usr/include/glib-2.0 -I/usr/lib64/glib-2.0/include -I/usr/include/sigc++-2.0 -I/usr/lib64/sigc++-2.0/include -I/usr/include/cairomm-1.0 -I/usr/lib64/cairomm-1.0/include -I/usr/include/pango-1.0 -I/usr/include/cairo -I/usr/include/pixman-1 -I/usr/include/freetype2 -I/usr/include/libpng14 -I/usr/lib64/gtk-2.0/include -I/usr/include/gdk-pixbuf-2.0  '
pkg_cv_GTKMM_LIBS='-lgtkmm-2.4 -latkmm-1.6 -lgdkmm-2.4 -lgiomm-2.4 -lpangomm-1.4 -lgtk-x11-2.0 -lglibmm-2.4 -lcairomm-1.0 -lsigc-2.0 -lgdk-x11-2.0 -latk-1.0 -lgio-2.0 -lpangoft2-1.0 -lpangocairo-1.0 -lgdk_pixbuf-2.0 -lcairo -lpango-1.0 -lfreetype -lfontconfig -lgobject-2.0 -lglib-2.0  '
pkg_cv_LIBPQXX_CFLAGS='-I/usr/local/include  '
pkg_cv_LIBPQXX_LIBS='-lpqxx  '
pkg_cv_MAGICK_CFLAGS='-DMAGICKCORE_HDRI_ENABLE=0 -DMAGICKCORE_QUANTUM_DEPTH=16 -I/usr/include/ImageMagick-6  '
pkg_cv_MAGICK_LIBS='-lMagick++-6.Q16 -lMagickWand-6.Q16 -lMagickCore-6.Q16  '
pkg_cv_SIGCPP_CFLAGS='-I/usr/include/sigc++-2.0 -I/usr/lib64/sigc++-2.0/include  '
pkg_cv_SIGCPP_LIBS='-lsigc-2.0  '

## ----------------- ##
## Output variables. ##
## ----------------- ##

ACLOCAL='${SHELL} /home/michel/devel/scanamati-0.0.1alpha/build-aux/missing --run aclocal-1.11'
AMDEPBACKSLASH='\'
AMDEP_FALSE='#'
AMDEP_TRUE=''
AMTAR='$${TAR-tar}'
AUTOCONF='${SHELL} /home/michel/devel/scanamati-0.0.1alpha/build-aux/missing --run autoconf'
AUTOHEADER='${SHELL} /home/michel/devel/scanamati-0.0.1alpha/build-aux/missing --run autoheader'
AUTOMAKE='${SHELL} /home/michel/devel/scanamati-0.0.1alpha/build-aux/missing --run automake-1.11'
AWK='gawk'
CATALOGS=' ru.gmo'
CATOBJEXT='.gmo'
CC='gcc'
CCDEPMODE='depmode=gcc3'
CCMATH_LIBS='-lccm'
CFLAGS='-g -O2'
CPP='gcc -E'
CPPFLAGS=''
CXX='g++'
CXXDEPMODE='depmode=gcc3'
CXXFLAGS='-g -O2'
CYGPATH_W='echo'
DATADIRNAME='share'
DCMDATA_CFLAGS='-DHAVE_CONFIG_H'
DCMDATA_LIBS='-L/usr/lib64 -L/usr/local/lib64 -L/usr/lib64/dcmtk -L/usr/local/lib64/dcmtk 	-L/usr/lib -L/usr/local/lib -L/usr/lib/dcmtk -L/usr/local/lib/dcmtk 	-ldcmnet -ldcmdata -loflog -lofstd -ldcmtls -lnsl -lwrap -lpthread -lz'
DEFS='-DHAVE_CONFIG_H'
DEPDIR='.deps'
ECHO_C=''
ECHO_N='-n'
ECHO_T=''
EGREP='/usr/bin/grep -E'
EXEEXT=''
GETTEXT_PACKAGE='scanamati'
GLIBMM_CFLAGS='-I/usr/include/glibmm-2.4 -I/usr/lib64/glibmm-2.4/include -I/usr/include/sigc++-2.0 -I/usr/lib64/sigc++-2.0/include -I/usr/include/glib-2.0 -I/usr/lib64/glib-2.0/include  '
GLIBMM_LIBS='-lglibmm-2.4 -lgobject-2.0 -lsigc-2.0 -lglib-2.0  '
GLIB_CFLAGS='-I/usr/include/glib-2.0 -I/usr/lib64/glib-2.0/include  '
GLIB_COMPILE_RESOURCES='glib-compile-resources'
GLIB_GENMARSHAL='glib-genmarshal'
GLIB_LIBS='-lglib-2.0  '
GLIB_MKENUMS='glib-mkenums'
GMOFILES=' ru.gmo'
GMSGFMT='/usr/bin/msgfmt'
GOBJECT_QUERY='gobject-query'
GREP='/usr/bin/grep'
GTHREAD_CFLAGS='-pthread -I/usr/include/glib-2.0 -I/usr/lib64/glib-2.0/include  '
GTHREAD_LIBS='-pthread -lgthread-2.0 -lglib-2.0  '
GTKMM_CFLAGS='-pthread -I/usr/include/gtkmm-2.4 -I/usr/lib64/gtkmm-2.4/include -I/usr/include/atkmm-1.6 -I/usr/include/giomm-2.4 -I/usr/lib64/giomm-2.4/include -I/usr/include/pangomm-1.4 -I/usr/lib64/pangomm-1.4/include -I/usr/include/gtk-2.0 -I/usr/include/gtk-unix-print-2.0 -I/usr/include/gdkmm-2.4 -I/usr/lib64/gdkmm-2.4/include -I/usr/include/atk-1.0 -I/usr/include/glibmm-2.4 -I/usr/lib64/glibmm-2.4/include -I/usr/include/glib-2.0 -I/usr/lib64/glib-2.0/include -I/usr/include/sigc++-2.0 -I/usr/lib64/sigc++-2.0/include -I/usr/include/cairomm-1.0 -I/usr/lib64/cairomm-1.0/include -I/usr/include/pango-1.0 -I/usr/include/cairo -I/usr/include/pixman-1 -I/usr/include/freetype2 -I/usr/include/libpng14 -I/usr/lib64/gtk-2.0/include -I/usr/include/gdk-pixbuf-2.0  '
GTKMM_LIBS='-lgtkmm-2.4 -latkmm-1.6 -lgdkmm-2.4 -lgiomm-2.4 -lpangomm-1.4 -lgtk-x11-2.0 -lglibmm-2.4 -lcairomm-1.0 -lsigc-2.0 -lgdk-x11-2.0 -latk-1.0 -lgio-2.0 -lpangoft2-1.0 -lpangocairo-1.0 -lgdk_pixbuf-2.0 -lcairo -lpango-1.0 -lfreetype -lfontconfig -lgobject-2.0 -lglib-2.0  '
INSTALL_DATA='${INSTALL} -m 644'
INSTALL_PROGRAM='${INSTALL}'
INSTALL_SCRIPT='${INSTALL}'
INSTALL_STRIP_PROGRAM='$(install_sh) -c -s'
INSTOBJEXT='.mo'
INTLLIBS=''
LDFLAGS=''
LIBOBJS=''
LIBPQXX_CFLAGS='-I/usr/local/include  '
LIBPQXX_LIBS='-lpqxx  '
LIBS=''
LTLIBOBJS=''
MAGICK_CFLAGS='-DMAGICKCORE_HDRI_ENABLE=0 -DMAGICKCORE_QUANTUM_DEPTH=16 -I/usr/include/ImageMagick-6  '
MAGICK_LIBS='-lMagick++-6.Q16 -lMagickWand-6.Q16 -lMagickCore-6.Q16  '
MAKEINFO='${SHELL} /home/michel/devel/scanamati-0.0.1alpha/build-aux/missing --run makeinfo'
MKDIR_P='/usr/bin/mkdir -p'
MKINSTALLDIRS='build-aux/mkinstalldirs'
MSGFMT='/usr/bin/msgfmt'
MSGFMT_OPTS='-c'
OBJEXT='o'
PACKAGE='scanamati'
PACKAGE_BUGREPORT='pmk@ihep.ru'
PACKAGE_NAME='scanamati'
PACKAGE_STRING='scanamati 0.0.1alpha'
PACKAGE_TARNAME='scanamati'
PACKAGE_URL=''
PACKAGE_VERSION='0.0.1alpha'
PATH_SEPARATOR=':'
PKG_CONFIG='/usr/bin/pkg-config'
PKG_CONFIG_LIBDIR=''
PKG_CONFIG_PATH='/usr/local/lib64/pkgconfig:/usr/lib64/pkgconfig'
POFILES=' ru.po'
POSUB='po'
PO_IN_DATADIR_FALSE=''
PO_IN_DATADIR_TRUE=''
RANLIB='ranlib'
SCANAMATI_DATADIR='/usr/local/share/scanamati'
SET_MAKE=''
SHELL='/bin/sh'
SIGCPP_CFLAGS='-I/usr/include/sigc++-2.0 -I/usr/lib64/sigc++-2.0/include  '
SIGCPP_LIBS='-lsigc-2.0  '
STRIP=''
USE_NLS='yes'
VERSION='0.0.1alpha'
XGETTEXT='/usr/bin/xgettext'
XMEDCON_CFLAGS='-I/usr/include/libpng14 -I/usr/include/glib-2.0 -I/usr/lib64/glib-2.0/include'
XMEDCON_CONFIG='/usr/bin/xmedcon-config'
XMEDCON_LIBS='-L/usr/lib64 -lmdc -lm -lglib-2.0 -lz -lpng14'
ac_ct_CC='gcc'
ac_ct_CXX='g++'
am__EXEEXT_FALSE=''
am__EXEEXT_TRUE='#'
am__fastdepCC_FALSE='#'
am__fastdepCC_TRUE=''
am__fastdepCXX_FALSE='#'
am__fastdepCXX_TRUE=''
am__include='include'
am__isrc=''
am__leading_dot='.'
am__nodep='_no'
am__quote=''
am__tar='$${TAR-tar} chof - "$$tardir"'
am__untar='$${TAR-tar} xf -'
bindir='${exec_prefix}/bin'
build_alias=''
datadir='${datarootdir}'
datarootdir='${prefix}/share'
docdir='${datarootdir}/doc/${PACKAGE_TARNAME}'
dvidir='${docdir}'
exec_prefix='${prefix}'
have_echoscu_app='yes'
have_movescu_app='yes'
have_storescu_app='yes'
host_alias=''
htmldir='${docdir}'
includedir='${prefix}/include'
infodir='${datarootdir}/info'
install_sh='${SHELL} /home/michel/devel/scanamati-0.0.1alpha/build-aux/install-sh'
libdir='${exec_prefix}/lib'
libexecdir='${exec_prefix}/libexec'
localedir='/usr/local/share/locale'
localstatedir='${prefix}/var'
mandir='${datarootdir}/man'
mkdir_p='/usr/bin/mkdir -p'
oldincludedir='/usr/include'
pdfdir='${docdir}'
prefix='/usr/local'
program_transform_name='s,x,x,'
psdir='${docdir}'
sbindir='${exec_prefix}/sbin'
sharedstatedir='${prefix}/com'
sysconfdir='${prefix}/etc'
target_alias=''

## ----------- ##
## confdefs.h. ##
## ----------- ##

/* confdefs.h */
#define PACKAGE_NAME "scanamati"
#define PACKAGE_TARNAME "scanamati"
#define PACKAGE_VERSION "0.0.1alpha"
#define PACKAGE_STRING "scanamati 0.0.1alpha"
#define PACKAGE_BUGREPORT "pmk@ihep.ru"
#define PACKAGE_URL ""
#define PACKAGE "scanamati"
#define VERSION "0.0.1alpha"
#define HAVE_DIRENT_H 1
#define STDC_HEADERS 1
#define HAVE_SYS_TYPES_H 1
#define HAVE_SYS_STAT_H 1
#define HAVE_STDLIB_H 1
#define HAVE_STRING_H 1
#define HAVE_MEMORY_H 1
#define HAVE_STRINGS_H 1
#define HAVE_INTTYPES_H 1
#define HAVE_STDINT_H 1
#define HAVE_UNISTD_H 1
#define HAVE__BOOL 1
#define HAVE_STDBOOL_H 1
#define STDC_HEADERS 1
#define HAVE_GLIB_2_0 1
#define HAVE_XMEDCON 1
#define HAVE_CCMATH_H 1
#define SCANAMATI_PKGDATADIR "/usr/local/share/scanamati"
#define GETTEXT_PACKAGE "scanamati"
#define HAVE_LOCALE_H 1
#define HAVE_LC_MESSAGES 1
#define HAVE_BIND_TEXTDOMAIN_CODESET 1
#define HAVE_GETTEXT 1
#define HAVE_DCGETTEXT 1
#define ENABLE_NLS 1
#define SCANAMATI_LOCALEDIR "/usr/local/share/locale"
#define HAVE_DCMTK_DATA_SHARED_LIBRARY 1
#define HAVE_CCMATH_LIBRARY 1

configure: exit 0
